<?xml version="1.0" encoding="UTF-8"?>
<!-- Generated by org.testng.reporters.JUnitReportReporter -->
<testsuite hostname="LAPTOP-7BE37QG3" failures="0" tests="1" name="com.iNetBanking.testCases.TC_LoginTest_001" time="6.462" errors="0" timestamp="2020-05-14T02:59:17 IST" skipped="0">
  <testcase classname="com.iNetBanking.testCases.TC_LoginTest_001" name="loginTest" time="6.462"/>
</testsuite> <!-- com.iNetBanking.testCases.TC_LoginTest_001 -->
