<?xml version="1.0" encoding="UTF-8"?>
<!-- Generated by org.testng.reporters.JUnitReportReporter -->
<testsuite hostname="LAPTOP-7BE37QG3" failures="0" tests="1" name="com.iNetBanking.testCases.TC_DeleteCustomerTest_005" time="46.174" errors="0" timestamp="2020-05-17T02:37:28 IST" skipped="0">
  <testcase classname="com.iNetBanking.testCases.TC_DeleteCustomerTest_005" name="deleteCustomer" time="46.174"/>
</testsuite> <!-- com.iNetBanking.testCases.TC_DeleteCustomerTest_005 -->
