<?xml version="1.0" encoding="UTF-8"?>
<!-- Generated by org.testng.reporters.JUnitReportReporter -->
<testsuite hostname="LAPTOP-7BE37QG3" failures="0" tests="1" name="com.iNetBanking.testCases.TC_EditCustomerTest_004" time="48.312" errors="0" timestamp="2020-05-15T22:55:59 IST" skipped="0">
  <testcase classname="com.iNetBanking.testCases.TC_EditCustomerTest_004" name="editCustomer" time="48.312"/>
</testsuite> <!-- com.iNetBanking.testCases.TC_EditCustomerTest_004 -->
