<?xml version="1.0" encoding="UTF-8"?>
<!-- Generated by org.testng.reporters.JUnitReportReporter -->
<testsuite hostname="LAPTOP-7BE37QG3" failures="0" tests="1" name="com.iNetBanking.testCases.TC_AddCUstomerTest_003" time="62.454" errors="0" timestamp="2020-05-13T20:49:48 IST" skipped="0">
  <testcase classname="com.iNetBanking.testCases.TC_AddCUstomerTest_003" name="addNewCustomer" time="62.454"/>
</testsuite> <!-- com.iNetBanking.testCases.TC_AddCUstomerTest_003 -->
