<?xml version="1.0" encoding="UTF-8"?>
<!-- Generated by org.testng.reporters.JUnitReportReporter -->
<testsuite hostname="LAPTOP-7BE37QG3" failures="0" tests="1" name="com.iNetBanking.testCases.TC_LoginTest_001" time="62.651" errors="0" timestamp="2020-05-13T01:30:51 IST" skipped="0">
  <testcase classname="com.iNetBanking.testCases.TC_LoginTest_001" name="loginTest" time="62.651"/>
</testsuite> <!-- com.iNetBanking.testCases.TC_LoginTest_001 -->
